<?xml version="1.0" encoding="UTF-8"?>
<!-- Generated by org.testng.reporters.JUnitReportReporter -->
<testsuite hostname="karishmas-MacBook-Air.local" failures="0" tests="1" name="appium_mobile.add_to_card" time="34.238" errors="0" timestamp="2023-01-21T13:24:57 IST" skipped="0">
  <testcase classname="appium_mobile.add_to_card" name="testcase9" time="34.238"/>
  <system-out/>
</testsuite> <!-- appium_mobile.add_to_card -->
