<?xml version="1.0" encoding="UTF-8"?>
<!-- Generated by org.testng.reporters.JUnitReportReporter -->
<testsuite hostname="karishmas-MacBook-Air.local" failures="0" tests="1" name="mbile_automation_new.new_automation_mobile.clippboard" time="23.470" errors="0" timestamp="2022-12-16T20:18:23 IST" skipped="0">
  <testcase classname="mbile_automation_new.new_automation_mobile.clippboard" name="testcase1" time="23.470"/>
  <system-out/>
</testsuite> <!-- mbile_automation_new.new_automation_mobile.clippboard -->
