<?xml version="1.0" encoding="UTF-8"?>
<!-- Generated by org.testng.reporters.JUnitReportReporter -->
<testsuite hostname="karishmas-MacBook-Air.local" failures="0" tests="1" name="mbile_automation_new.new_automation_mobile.add_to_card" time="37.266" errors="0" timestamp="2023-01-03T23:19:07 IST" skipped="0">
  <testcase classname="mbile_automation_new.new_automation_mobile.add_to_card" name="testcase9" time="37.266"/>
  <system-out/>
</testsuite> <!-- mbile_automation_new.new_automation_mobile.add_to_card -->
