<?xml version="1.0" encoding="UTF-8"?>
<!-- Generated by org.testng.reporters.JUnitReportReporter -->
<testsuite hostname="karishmas-MacBook-Air.local" failures="0" tests="1" name="mbile_automation_new.new_automation_mobile.add_two_product" time="28.415" errors="0" timestamp="2023-01-08T17:46:45 IST" skipped="0">
  <testcase classname="mbile_automation_new.new_automation_mobile.add_two_product" name="testcase" time="28.415"/>
  <system-out/>
</testsuite> <!-- mbile_automation_new.new_automation_mobile.add_two_product -->
