<?xml version="1.0" encoding="UTF-8"?>
<!-- Generated by org.testng.reporters.JUnitReportReporter -->
<testsuite hostname="karishmas-MacBook-Air.local" failures="0" tests="1" name="mbile_automation_new.new_automation_mobile.hybrid" time="163.100" errors="0" timestamp="2023-01-10T23:18:54 IST" skipped="0">
  <testcase classname="mbile_automation_new.new_automation_mobile.hybrid" name="testcase" time="163.100"/>
  <system-out/>
</testsuite> <!-- mbile_automation_new.new_automation_mobile.hybrid -->
