<?xml version="1.0" encoding="UTF-8"?>
<!-- Generated by org.testng.reporters.JUnitReportReporter -->
<testsuite hostname="karishmas-MacBook-Air.local" failures="0" tests="1" name="mbile_automation_new.new_automation_mobile.Drag_Drop" time="36.503" errors="0" timestamp="2022-12-16T20:14:49 IST" skipped="0">
  <testcase classname="mbile_automation_new.new_automation_mobile.Drag_Drop" name="testcase5" time="36.503"/>
  <system-out/>
</testsuite> <!-- mbile_automation_new.new_automation_mobile.Drag_Drop -->
