<?xml version="1.0" encoding="UTF-8"?>
<!-- Generated by org.testng.reporters.JUnitReportReporter -->
<testsuite hostname="karishmas-MacBook-Air.local" failures="0" tests="1" name="appium_Testscript.TC1" time="37.850" errors="0" timestamp="2023-01-18T00:27:59 IST" skipped="0">
  <testcase classname="appium_Testscript.TC1" name="firstscreen" time="37.850"/>
  <system-out/>
</testsuite> <!-- appium_Testscript.TC1 -->
